Traceback (most recent call last):
  File "/home/pat/anaconda3/lib/python3.9/site-packages/jupyter_cache/executors/utils.py", line 58, in single_nb_execution
    executenb(
  File "/home/pat/anaconda3/lib/python3.9/site-packages/nbclient/client.py", line 1112, in execute
    return NotebookClient(nb=nb, resources=resources, km=km, **kwargs).execute()
  File "/home/pat/anaconda3/lib/python3.9/site-packages/nbclient/util.py", line 74, in wrapped
    return just_run(coro(*args, **kwargs))
  File "/home/pat/anaconda3/lib/python3.9/site-packages/nbclient/util.py", line 53, in just_run
    return loop.run_until_complete(coro)
  File "/home/pat/anaconda3/lib/python3.9/asyncio/base_events.py", line 642, in run_until_complete
    return future.result()
  File "/home/pat/anaconda3/lib/python3.9/site-packages/nbclient/client.py", line 553, in async_execute
    await self.async_execute_cell(
  File "/home/pat/anaconda3/lib/python3.9/site-packages/nbclient/client.py", line 857, in async_execute_cell
    self._check_raise_for_error(cell, exec_reply)
  File "/home/pat/anaconda3/lib/python3.9/site-packages/nbclient/client.py", line 760, in _check_raise_for_error
    raise CellExecutionError.from_cell_and_msg(cell, exec_reply_content)
nbclient.exceptions.CellExecutionError: An error occurred while executing the following cell:
------------------
first_ten_rows=bond_data.iloc[:10]
create_workbook('First Ten Rows',first_ten_rows,'Exercise Chapter Two.xlsx')
------------------

[0;31m---------------------------------------------------------------------------[0m
[0;31mAttributeError[0m                            Traceback (most recent call last)
[0;32m/tmp/ipykernel_42609/1418869055.py[0m in [0;36m<module>[0;34m[0m
[1;32m      1[0m [0mfirst_ten_rows[0m[0;34m=[0m[0mbond_data[0m[0;34m.[0m[0miloc[0m[0;34m[[0m[0;34m:[0m[0;36m10[0m[0;34m][0m[0;34m[0m[0;34m[0m[0m
[0;32m----> 2[0;31m [0mcreate_workbook[0m[0;34m([0m[0;34m'First Ten Rows'[0m[0;34m,[0m[0mfirst_ten_rows[0m[0;34m,[0m[0;34m'Exercise Chapter Two.xlsx'[0m[0;34m)[0m[0;34m[0m[0;34m[0m[0m
[0m
[0;32m<string>[0m in [0;36mcreate_workbook[0;34m(sheet_name, df, save_config)[0m

[0;31mAttributeError[0m: 'str' object has no attribute 'get'
AttributeError: 'str' object has no attribute 'get'

