Traceback (most recent call last):
  File "/home/pat/anaconda3/lib/python3.9/site-packages/jupyter_cache/executors/utils.py", line 58, in single_nb_execution
    executenb(
  File "/home/pat/anaconda3/lib/python3.9/site-packages/nbclient/client.py", line 1112, in execute
    return NotebookClient(nb=nb, resources=resources, km=km, **kwargs).execute()
  File "/home/pat/anaconda3/lib/python3.9/site-packages/nbclient/util.py", line 74, in wrapped
    return just_run(coro(*args, **kwargs))
  File "/home/pat/anaconda3/lib/python3.9/site-packages/nbclient/util.py", line 53, in just_run
    return loop.run_until_complete(coro)
  File "/home/pat/anaconda3/lib/python3.9/asyncio/base_events.py", line 642, in run_until_complete
    return future.result()
  File "/home/pat/anaconda3/lib/python3.9/site-packages/nbclient/client.py", line 553, in async_execute
    await self.async_execute_cell(
  File "/home/pat/anaconda3/lib/python3.9/site-packages/nbclient/client.py", line 857, in async_execute_cell
    self._check_raise_for_error(cell, exec_reply)
  File "/home/pat/anaconda3/lib/python3.9/site-packages/nbclient/client.py", line 760, in _check_raise_for_error
    raise CellExecutionError.from_cell_and_msg(cell, exec_reply_content)
nbclient.exceptions.CellExecutionError: An error occurred while executing the following cell:
------------------
forward_rates=-np.log(df_zero_prices['Zero Prices: 304']).diff()
df_zero_prices['Annualized Forward Rates']=forward_rates*365.25/df_zero_prices.index.diff().days
df_zero_prices
------------------

[0;31m---------------------------------------------------------------------------[0m
[0;31mAttributeError[0m                            Traceback (most recent call last)
[0;32m/tmp/ipykernel_42550/4179522106.py[0m in [0;36m<module>[0;34m[0m
[1;32m      1[0m [0mforward_rates[0m[0;34m=[0m[0;34m-[0m[0mnp[0m[0;34m.[0m[0mlog[0m[0;34m([0m[0mdf_zero_prices[0m[0;34m[[0m[0;34m'Zero Prices: 304'[0m[0;34m][0m[0;34m)[0m[0;34m.[0m[0mdiff[0m[0;34m([0m[0;34m)[0m[0;34m[0m[0;34m[0m[0m
[0;32m----> 2[0;31m [0mdf_zero_prices[0m[0;34m[[0m[0;34m'Annualized Forward Rates'[0m[0;34m][0m[0;34m=[0m[0mforward_rates[0m[0;34m*[0m[0;36m365.25[0m[0;34m/[0m[0mdf_zero_prices[0m[0;34m.[0m[0mindex[0m[0;34m.[0m[0mdiff[0m[0;34m([0m[0;34m)[0m[0;34m.[0m[0mdays[0m[0;34m[0m[0;34m[0m[0m
[0m[1;32m      3[0m [0mdf_zero_prices[0m[0;34m[0m[0;34m[0m[0m

[0;31mAttributeError[0m: 'Index' object has no attribute 'diff'
AttributeError: 'Index' object has no attribute 'diff'

